<!-- AI ASSISTANT NOTE: Refer to this file and update statuses as tasks are completed. 
                  : Do not remove this note!
                  : Also do not remove the history of modifications.
                  : [HARD RULE] When editing, ALWAYS preserve ALL existing content. Only ADD new entries or UPDATE existing ones. NEVER delete or shorten the history.
                  : [RULE] Every roadmap document MUST be updated by the engineer after any significant decision, finding, code fix, or task completion to ensure project state transparency.
                  : [RULE] You should always update these roadmap documents on our decisions, findings, fixes and next tasks after doing the updates/changes/modifications.
-->

# Affiliate Marketing Roadmap Progress
# affiliate_marketing/roadmap_progress.lst

PHASE 1: CORE AFFILIATE LINK TRACKING SYSTEM
[DONE] 1.1 – Create TrackedAffiliateLink and AffiliateClick models.
[DONE] 1.2 – Implement affiliate_redirect view and /out/<slug>/ URL.
[DONE] 1.3 – Build {% affiliate_url %} template tag.
[DONE] 1.4 – Register models in Django admin.
[DONE] 1.5 – Document manual link generation flow (Lazada/Shopee); CSV import management command created.

PHASE 2: LAZADA & SHOPEE DIRECT AFFILIATE PROGRAMS
[PENDING] 2.1 – Sign up for Lazada and Shopee affiliate programs (PH).
[PENDING] 2.2 – Generate first 10 affiliate links and store in system.
[DONE] 2.3 – Added disclosure notice and rel="nofollow sponsored".
[PENDING] 2.4 – Review GDPR/Philippine privacy compliance for click data.

PHASE 3: INVOLVE ASIA INTEGRATION (OPTIONAL)
[DONE] 3.1 – Register Involve Asia publisher account.
       - Account created, property Humrine.com under review (up to 48 hrs).
[PENDING] 3.2 – Implement Involve API client with caching.
[PENDING] 3.3 – Build dynamic product catalogue view (if needed).
[PENDING] 3.4 – Add fallback/error handling for API.

PHASE 4: ANALYTICS DASHBOARD & REPORTING
[DONE] 4.1 – Basic click stats page (/stats/) with per-link and daily breakdown.
[DONE] 4.2 – Added date range filters and CSV export to stats dashboard.
[PENDING] 4.3 – (Future) Conversion attribution integration.

PHASE 5: OWN AFFILIATE PROGRAM (FUTURE)
[PENDING] 5.1 – Affiliate user model and referral codes.
[PENDING] 5.2 – Referral landing, cookie, and conversion logic.
[PENDING] 5.3 – Affiliate dashboard and payout management.

---
*Last Updated: 2026-06-13*